# JRE version: OpenJDK Runtime Environment Temurin-17.0.10+7 (17.0.10+7) (build 17.0.10+7)
# Java VM: OpenJDK 64-Bit Server VM Temurin-17.0.10+7 (17.0.10+7, mixed mode, tiered, compressed oops, compressed class ptrs, parallel gc, linux-amd64)
GC Precious Log:
 CPUs: 6 total, 6 available
 Memory: 9936M
 Large Page Support: Disabled
 NUMA Support: Disabled
 Compressed Oops: Enabled (32-bit)
 Alignments: Space 512K, Generation 512K, Heap 2M
 Heap Min Capacity: 100M
 Heap Initial Capacity: 100M
 Heap Max Capacity: 1G
 Pre-touch: Disabled
 Parallel Workers: 6
Heap:
 PSYoungGen      total 20480K, used 14356K [0x00000000eab00000, 0x00000000ec180000, 0x0000000100000000)
  eden space 19456K, 73% used [0x00000000eab00000,0x00000000eb905338,0x00000000ebe00000)
  from space 1024K, 0% used [0x00000000ebe00000,0x00000000ebe00000,0x00000000ebf00000)
  to   space 1536K, 0% used [0x00000000ec000000,0x00000000ec000000,0x00000000ec180000)
 ParOldGen       total 68608K, used 44141K [0x00000000c0000000, 0x00000000c4300000, 0x00000000eab00000)
  object space 68608K, 64% used [0x00000000c0000000,0x00000000c2b1b628,0x00000000c4300000)
 Metaspace       used 58823K, committed 60032K, reserved 1114112K
  class space    used 6351K, committed 6848K, reserved 1048576K
GC Heap History (20 events):
Event: 5.895 GC heap before
{Heap before GC invocations=27 (full 2):
 PSYoungGen      total 22016K, used 21413K [0x00000000eab00000, 0x00000000ec300000, 0x0000000100000000)
  eden space 19456K, 99% used [0x00000000eab00000,0x00000000ebdf9538,0x00000000ebe00000)
  from space 2560K, 77% used [0x00000000ec080000,0x00000000ec270000,0x00000000ec300000)
  to   space 2560K, 0% used [0x00000000ebe00000,0x00000000ebe00000,0x00000000ec080000)
 ParOldGen       total 68608K, used 33101K [0x00000000c0000000, 0x00000000c4300000, 0x00000000eab00000)
  object space 68608K, 48% used [0x00000000c0000000,0x00000000c20537d8,0x00000000c4300000)
 Metaspace       used 54935K, committed 56064K, reserved 1114112K
  class space    used 5957K, committed 6400K, reserved 1048576K
}
Event: 5.912 GC heap after
{Heap after GC invocations=27 (full 2):
 PSYoungGen      total 22016K, used 2555K [0x00000000eab00000, 0x00000000eca00000, 0x0000000100000000)
  eden space 19456K, 0% used [0x00000000eab00000,0x00000000eab00000,0x00000000ebe00000)
  from space 2560K, 99% used [0x00000000ebe00000,0x00000000ec07efc8,0x00000000ec080000)
  to   space 6144K, 0% used [0x00000000ec400000,0x00000000ec400000,0x00000000eca00000)
 ParOldGen       total 68608K, used 35951K [0x00000000c0000000, 0x00000000c4300000, 0x00000000eab00000)
  object space 68608K, 52% used [0x00000000c0000000,0x00000000c231bcf8,0x00000000c4300000)
 Metaspace       used 54935K, committed 56064K, reserved 1114112K
  class space    used 5957K, committed 6400K, reserved 1048576K
}
Event: 6.030 GC heap before
{Heap before GC invocations=28 (full 2):
 PSYoungGen      total 22016K, used 22011K [0x00000000eab00000, 0x00000000eca00000, 0x0000000100000000)
  eden space 19456K, 100% used [0x00000000eab00000,0x00000000ebe00000,0x00000000ebe00000)
  from space 2560K, 99% used [0x00000000ebe00000,0x00000000ec07efc8,0x00000000ec080000)
  to   space 6144K, 0% used [0x00000000ec400000,0x00000000ec400000,0x00000000eca00000)
 ParOldGen       total 68608K, used 35951K [0x00000000c0000000, 0x00000000c4300000, 0x00000000eab00000)
  object space 68608K, 52% used [0x00000000c0000000,0x00000000c231bcf8,0x00000000c4300000)
 Metaspace       used 55569K, committed 56704K, reserved 1114112K
  class space    used 6019K, committed 6464K, reserved 1048576K
}
Event: 6.048 GC heap after
{Heap after GC invocations=28 (full 2):
 PSYoungGen      total 21504K, used 1799K [0x00000000eab00000, 0x00000000ec600000, 0x0000000100000000)
  eden space 19456K, 0% used [0x00000000eab00000,0x00000000eab00000,0x00000000ebe00000)
  from space 2048K, 87% used [0x00000000ec400000,0x00000000ec5c1c38,0x00000000ec600000)
  to   space 3584K, 0% used [0x00000000ebf00000,0x00000000ebf00000,0x00000000ec280000)
 ParOldGen       total 68608K, used 38515K [0x00000000c0000000, 0x00000000c4300000, 0x00000000eab00000)
  object space 68608K, 56% used [0x00000000c0000000,0x00000000c259cd58,0x00000000c4300000)
 Metaspace       used 55569K, committed 56704K, reserved 1114112K
  class space    used 6019K, committed 6464K, reserved 1048576K
}
Event: 6.216 GC heap before
{Heap before GC invocations=29 (full 2):
 PSYoungGen      total 21504K, used 21255K [0x00000000eab00000, 0x00000000ec600000, 0x0000000100000000)
  eden space 19456K, 100% used [0x00000000eab00000,0x00000000ebe00000,0x00000000ebe00000)
  from space 2048K, 87% used [0x00000000ec400000,0x00000000ec5c1c38,0x00000000ec600000)
  to   space 3584K, 0% used [0x00000000ebf00000,0x00000000ebf00000,0x00000000ec280000)
 ParOldGen       total 68608K, used 38515K [0x00000000c0000000, 0x00000000c4300000, 0x00000000eab00000)
  object space 68608K, 56% used [0x00000000c0000000,0x00000000c259cd58,0x00000000c4300000)
 Metaspace       used 55888K, committed 57024K, reserved 1114112K
  class space    used 6037K, committed 6464K, reserved 1048576K
}
Event: 6.226 GC heap after
{Heap after GC invocations=29 (full 2):
 PSYoungGen      total 21504K, used 1920K [0x00000000eab00000, 0x00000000ec480000, 0x0000000100000000)
  eden space 19456K, 0% used [0x00000000eab00000,0x00000000eab00000,0x00000000ebe00000)
  from space 2048K, 93% used [0x00000000ebf00000,0x00000000ec0e0000,0x00000000ec100000)
  to   space 2560K, 0% used [0x00000000ec200000,0x00000000ec200000,0x00000000ec480000)
 ParOldGen       total 68608K, used 40238K [0x00000000c0000000, 0x00000000c4300000, 0x00000000eab00000)
  object space 68608K, 58% used [0x00000000c0000000,0x00000000c274b9a0,0x00000000c4300000)
 Metaspace       used 55888K, committed 57024K, reserved 1114112K
  class space    used 6037K, committed 6464K, reserved 1048576K
}
Event: 6.428 GC heap before
{Heap before GC invocations=30 (full 2):
 PSYoungGen      total 21504K, used 21376K [0x00000000eab00000, 0x00000000ec480000, 0x0000000100000000)
  eden space 19456K, 100% used [0x00000000eab00000,0x00000000ebe00000,0x00000000ebe00000)
  from space 2048K, 93% used [0x00000000ebf00000,0x00000000ec0e0000,0x00000000ec100000)
  to   space 2560K, 0% used [0x00000000ec200000,0x00000000ec200000,0x00000000ec480000)
 ParOldGen       total 68608K, used 40238K [0x00000000c0000000, 0x00000000c4300000, 0x00000000eab00000)
  object space 68608K, 58% used [0x00000000c0000000,0x00000000c274b9a0,0x00000000c4300000)
 Metaspace       used 56007K, committed 57088K, reserved 1114112K
  class space    used 6038K, committed 6464K, reserved 1048576K
}
Event: 6.433 GC heap after
{Heap after GC invocations=30 (full 2):
 PSYoungGen      total 21504K, used 1872K [0x00000000eab00000, 0x00000000ec400000, 0x0000000100000000)
  eden space 19456K, 0% used [0x00000000eab00000,0x00000000eab00000,0x00000000ebe00000)
  from space 2048K, 91% used [0x00000000ec200000,0x00000000ec3d4010,0x00000000ec400000)
  to   space 2048K, 0% used [0x00000000ebf00000,0x00000000ebf00000,0x00000000ec100000)
 ParOldGen       total 68608K, used 42057K [0x00000000c0000000, 0x00000000c4300000, 0x00000000eab00000)
  object space 68608K, 61% used [0x00000000c0000000,0x00000000c2912410,0x00000000c4300000)
 Metaspace       used 56007K, committed 57088K, reserved 1114112K
  class space    used 6038K, committed 6464K, reserved 1048576K
}
Event: 6.543 GC heap before
{Heap before GC invocations=31 (full 2):
 PSYoungGen      total 21504K, used 21328K [0x00000000eab00000, 0x00000000ec400000, 0x0000000100000000)
  eden space 19456K, 100% used [0x00000000eab00000,0x00000000ebe00000,0x00000000ebe00000)
  from space 2048K, 91% used [0x00000000ec200000,0x00000000ec3d4010,0x00000000ec400000)
  to   space 2048K, 0% used [0x00000000ebf00000,0x00000000ebf00000,0x00000000ec100000)
 ParOldGen       total 68608K, used 42057K [0x00000000c0000000, 0x00000000c4300000, 0x00000000eab00000)
  object space 68608K, 61% used [0x00000000c0000000,0x00000000c2912410,0x00000000c4300000)
 Metaspace       used 56877K, committed 57984K, reserved 1114112K
  class space    used 6136K, committed 6592K, reserved 1048576K
}
Event: 6.545 GC heap after
{Heap after GC invocations=31 (full 2):
 PSYoungGen      total 21504K, used 1614K [0x00000000eab00000, 0x00000000ec280000, 0x0000000100000000)
  eden space 19456K, 0% used [0x00000000eab00000,0x00000000eab00000,0x00000000ebe00000)
  from space 2048K, 78% used [0x00000000ebf00000,0x00000000ec093aa8,0x00000000ec100000)
  to   space 1536K, 0% used [0x00000000ec100000,0x00000000ec100000,0x00000000ec280000)
 ParOldGen       total 68608K, used 43570K [0x00000000c0000000, 0x00000000c4300000, 0x00000000eab00000)
  object space 68608K, 63% used [0x00000000c0000000,0x00000000c2a8cb28,0x00000000c4300000)
 Metaspace       used 56877K, committed 57984K, reserved 1114112K
  class space    used 6136K, committed 6592K, reserved 1048576K
}
Event: 6.629 GC heap before
{Heap before GC invocations=32 (full 2):
 PSYoungGen      total 21504K, used 21070K [0x00000000eab00000, 0x00000000ec280000, 0x0000000100000000)
  eden space 19456K, 100% used [0x00000000eab00000,0x00000000ebe00000,0x00000000ebe00000)
  from space 2048K, 78% used [0x00000000ebf00000,0x00000000ec093aa8,0x00000000ec100000)
  to   space 1536K, 0% used [0x00000000ec100000,0x00000000ec100000,0x00000000ec280000)
 ParOldGen       total 68608K, used 43570K [0x00000000c0000000, 0x00000000c4300000, 0x00000000eab00000)
  object space 68608K, 63% used [0x00000000c0000000,0x00000000c2a8cb28,0x00000000c4300000)
 Metaspace       used 57647K, committed 58816K, reserved 1114112K
  class space    used 6208K, committed 6656K, reserved 1048576K
}
Event: 6.631 GC heap after
{Heap after GC invocations=32 (full 2):
 PSYoungGen      total 20480K, used 576K [0x00000000eab00000, 0x00000000ec200000, 0x0000000100000000)
  eden space 19456K, 0% used [0x00000000eab00000,0x00000000eab00000,0x00000000ebe00000)
  from space 1024K, 56% used [0x00000000ec100000,0x00000000ec190000,0x00000000ec200000)
  to   space 1024K, 0% used [0x00000000ec000000,0x00000000ec000000,0x00000000ec100000)
 ParOldGen       total 68608K, used 45046K [0x00000000c0000000, 0x00000000c4300000, 0x00000000eab00000)
  object space 68608K, 65% used [0x00000000c0000000,0x00000000c2bfd8d0,0x00000000c4300000)
 Metaspace       used 57647K, committed 58816K, reserved 1114112K
  class space    used 6208K, committed 6656K, reserved 1048576K
}
Event: 6.683 GC heap before
{Heap before GC invocations=33 (full 2):
 PSYoungGen      total 20480K, used 20032K [0x00000000eab00000, 0x00000000ec200000, 0x0000000100000000)
  eden space 19456K, 100% used [0x00000000eab00000,0x00000000ebe00000,0x00000000ebe00000)
  from space 1024K, 56% used [0x00000000ec100000,0x00000000ec190000,0x00000000ec200000)
  to   space 1024K, 0% used [0x00000000ec000000,0x00000000ec000000,0x00000000ec100000)
 ParOldGen       total 68608K, used 45046K [0x00000000c0000000, 0x00000000c4300000, 0x00000000eab00000)
  object space 68608K, 65% used [0x00000000c0000000,0x00000000c2bfd8d0,0x00000000c4300000)
 Metaspace       used 57874K, committed 59008K, reserved 1114112K
  class space    used 6245K, committed 6720K, reserved 1048576K
}
Event: 6.686 GC heap after
{Heap after GC invocations=33 (full 2):
 PSYoungGen      total 20480K, used 1000K [0x00000000eab00000, 0x00000000ec180000, 0x0000000100000000)
  eden space 19456K, 0% used [0x00000000eab00000,0x00000000eab00000,0x00000000ebe00000)
  from space 1024K, 97% used [0x00000000ec000000,0x00000000ec0fa290,0x00000000ec100000)
  to   space 512K, 0% used [0x00000000ec100000,0x00000000ec100000,0x00000000ec180000)
 ParOldGen       total 68608K, used 45382K [0x00000000c0000000, 0x00000000c4300000, 0x00000000eab00000)
  object space 68608K, 66% used [0x00000000c0000000,0x00000000c2c518d0,0x00000000c4300000)
 Metaspace       used 57874K, committed 59008K, reserved 1114112K
  class space    used 6245K, committed 6720K, reserved 1048576K
}
Event: 6.741 GC heap before
{Heap before GC invocations=34 (full 2):
 PSYoungGen      total 20480K, used 20456K [0x00000000eab00000, 0x00000000ec180000, 0x0000000100000000)
  eden space 19456K, 100% used [0x00000000eab00000,0x00000000ebe00000,0x00000000ebe00000)
  from space 1024K, 97% used [0x00000000ec000000,0x00000000ec0fa290,0x00000000ec100000)
  to   space 512K, 0% used [0x00000000ec100000,0x00000000ec100000,0x00000000ec180000)
 ParOldGen       total 68608K, used 45382K [0x00000000c0000000, 0x00000000c4300000, 0x00000000eab00000)
  object space 68608K, 66% used [0x00000000c0000000,0x00000000c2c518d0,0x00000000c4300000)
 Metaspace       used 58318K, committed 59520K, reserved 1114112K
  class space    used 6294K, committed 6784K, reserved 1048576K
}
Event: 6.742 GC heap after
{Heap after GC invocations=34 (full 2):
 PSYoungGen      total 19968K, used 509K [0x00000000eab00000, 0x00000000ec300000, 0x0000000100000000)
  eden space 19456K, 0% used [0x00000000eab00000,0x00000000eab00000,0x00000000ebe00000)
  from space 512K, 99% used [0x00000000ec100000,0x00000000ec17f688,0x00000000ec180000)
  to   space 2560K, 0% used [0x00000000ebe00000,0x00000000ebe00000,0x00000000ec080000)
 ParOldGen       total 68608K, used 46819K [0x00000000c0000000, 0x00000000c4300000, 0x00000000eab00000)
  object space 68608K, 68% used [0x00000000c0000000,0x00000000c2db8e48,0x00000000c4300000)
 Metaspace       used 58318K, committed 59520K, reserved 1114112K
  class space    used 6294K, committed 6784K, reserved 1048576K
}
Event: 6.775 GC heap before
{Heap before GC invocations=35 (full 2):
 PSYoungGen      total 19968K, used 9191K [0x00000000eab00000, 0x00000000ec300000, 0x0000000100000000)
  eden space 19456K, 44% used [0x00000000eab00000,0x00000000eb37a5f8,0x00000000ebe00000)
  from space 512K, 99% used [0x00000000ec100000,0x00000000ec17f688,0x00000000ec180000)
  to   space 2560K, 0% used [0x00000000ebe00000,0x00000000ebe00000,0x00000000ec080000)
 ParOldGen       total 68608K, used 46819K [0x00000000c0000000, 0x00000000c4300000, 0x00000000eab00000)
  object space 68608K, 68% used [0x00000000c0000000,0x00000000c2db8e48,0x00000000c4300000)
 Metaspace       used 58628K, committed 59776K, reserved 1114112K
  class space    used 6329K, committed 6784K, reserved 1048576K
}
Event: 6.776 GC heap after
{Heap after GC invocations=35 (full 2):
 PSYoungGen      total 20480K, used 848K [0x00000000eab00000, 0x00000000ec180000, 0x0000000100000000)
  eden space 19456K, 0% used [0x00000000eab00000,0x00000000eab00000,0x00000000ebe00000)
  from space 1024K, 82% used [0x00000000ebe00000,0x00000000ebed4320,0x00000000ebf00000)
  to   space 1536K, 0% used [0x00000000ec000000,0x00000000ec000000,0x00000000ec180000)
 ParOldGen       total 68608K, used 47342K [0x00000000c0000000, 0x00000000c4300000, 0x00000000eab00000)
  object space 68608K, 69% used [0x00000000c0000000,0x00000000c2e3bab0,0x00000000c4300000)
 Metaspace       used 58628K, committed 59776K, reserved 1114112K
  class space    used 6329K, committed 6784K, reserved 1048576K
}
Event: 6.776 GC heap before
{Heap before GC invocations=36 (full 3):
 PSYoungGen      total 20480K, used 848K [0x00000000eab00000, 0x00000000ec180000, 0x0000000100000000)
  eden space 19456K, 0% used [0x00000000eab00000,0x00000000eab00000,0x00000000ebe00000)
  from space 1024K, 82% used [0x00000000ebe00000,0x00000000ebed4320,0x00000000ebf00000)
  to   space 1536K, 0% used [0x00000000ec000000,0x00000000ec000000,0x00000000ec180000)
 ParOldGen       total 68608K, used 47342K [0x00000000c0000000, 0x00000000c4300000, 0x00000000eab00000)
  object space 68608K, 69% used [0x00000000c0000000,0x00000000c2e3bab0,0x00000000c4300000)
 Metaspace       used 58628K, committed 59776K, reserved 1114112K
  class space    used 6329K, committed 6784K, reserved 1048576K
}
Event: 6.890 GC heap after
{Heap after GC invocations=36 (full 3):
 PSYoungGen      total 20480K, used 0K [0x00000000eab00000, 0x00000000ec180000, 0x0000000100000000)
  eden space 19456K, 0% used [0x00000000eab00000,0x00000000eab00000,0x00000000ebe00000)
  from space 1024K, 0% used [0x00000000ebe00000,0x00000000ebe00000,0x00000000ebf00000)
  to   space 1536K, 0% used [0x00000000ec000000,0x00000000ec000000,0x00000000ec180000)
 ParOldGen       total 68608K, used 44141K [0x00000000c0000000, 0x00000000c4300000, 0x00000000eab00000)
  object space 68608K, 64% used [0x00000000c0000000,0x00000000c2b1b628,0x00000000c4300000)
 Metaspace       used 58628K, committed 59776K, reserved 1114112K
  class space    used 6329K, committed 6784K, reserved 1048576K
}

